<?xml version="1.0" encoding="UTF-8"?>
<!-- Generated by org.testng.reporters.JUnitXMLReporter -->
<testsuite ignored="0" hostname="LAPTOP-D1SF3I6J" failures="1" tests="2" name="Test" time="3.646" errors="0" timestamp="2025-01-27T19:43:56 IST">
  <testcase classname="base.BaseTest" name="@BeforeMethod setUp" time="1.438">
    <failure type="java.lang.NullPointerException" message="Cannot invoke &amp;quot;String.equalsIgnoreCase(String)&amp;quot; because &amp;quot;browser&amp;quot; is null">
      <![CDATA[java.lang.NullPointerException: Cannot invoke "String.equalsIgnoreCase(String)" because "browser" is null
at base.BaseTest.setUp(BaseTest.java:31)
at java.base/java.util.ArrayList.forEach(ArrayList.java:1596)
... Removed 29 stack frames]]>
    </failure>
  </testcase> <!-- @BeforeMethod setUp -->
  <testcase classname="base.BaseTest" name="@AfterMethod tearDown" time="0.0">
    <skipped/>
  </testcase> <!-- @AfterMethod tearDown -->
  <testcase classname="tests.LoginTest" name="testLoginWithConfig" time="0.001">
    <skipped/>
  </testcase> <!-- testLoginWithConfig -->
  <testcase classname="tests.LoginTest" name="testLoginWithExcel" time="0.0">
    <failure type="java.lang.RuntimeException" message="java.lang.IndexOutOfBoundsException: Index 0 out of bounds for length 0">
      <![CDATA[java.lang.RuntimeException: java.lang.IndexOutOfBoundsException: Index 0 out of bounds for length 0
at java.base/java.util.ArrayList.forEach(ArrayList.java:1596)
Caused by: java.lang.IndexOutOfBoundsException: Index 0 out of bounds for length 0
at java.base/jdk.internal.util.Preconditions.outOfBounds(Preconditions.java:100)
at java.base/jdk.internal.util.Preconditions.outOfBoundsCheckIndex(Preconditions.java:106)
at java.base/jdk.internal.util.Preconditions.checkIndex(Preconditions.java:302)
at java.base/java.util.Objects.checkIndex(Objects.java:385)
at java.base/java.util.ArrayList.get(ArrayList.java:427)
at tests.LoginTest.getLoginDataFromExcel(LoginTest.java:27)
... 25 more
... Removed 30 stack frames]]>
    </failure>
  </testcase> <!-- testLoginWithExcel -->
</testsuite> <!-- Test -->
